<?xml version="1.0" encoding="UTF-8"?>
<testng-results skipped="0" failed="0" total="1" passed="1">
  <reporter-output>
  </reporter-output>
  <suite name="Default suite" duration-ms="101686" started-at="2021-11-05T17:17:48Z" finished-at="2021-11-05T17:19:30Z">
    <groups>
    </groups>
    <test name="Default test" duration-ms="101686" started-at="2021-11-05T17:17:48Z" finished-at="2021-11-05T17:19:30Z">
      <class name="frameworkImplemention.Signin_PageTestwithTestNG">
        <test-method status="PASS" signature="Setup()[pri:0, instance:frameworkImplemention.Signin_PageTestwithTestNG@5702b3b1]" name="Setup" is-config="true" duration-ms="64500" started-at="2021-11-05T23:17:48Z" finished-at="2021-11-05T23:18:53Z">
          <reporter-output>
          </reporter-output>
        </test-method> <!-- Setup -->
        <test-method status="PASS" signature="Teststep()[pri:0, instance:frameworkImplemention.Signin_PageTestwithTestNG@5702b3b1]" name="Teststep" duration-ms="33220" started-at="2021-11-05T23:18:53Z" finished-at="2021-11-05T23:19:26Z">
          <reporter-output>
          </reporter-output>
        </test-method> <!-- Teststep -->
        <test-method status="PASS" signature="Teardown()[pri:0, instance:frameworkImplemention.Signin_PageTestwithTestNG@5702b3b1]" name="Teardown" is-config="true" duration-ms="3839" started-at="2021-11-05T23:19:26Z" finished-at="2021-11-05T23:19:30Z">
          <reporter-output>
          </reporter-output>
        </test-method> <!-- Teardown -->
      </class> <!-- frameworkImplemention.Signin_PageTestwithTestNG -->
    </test> <!-- Default test -->
  </suite> <!-- Default suite -->
</testng-results>
